{"D:\\Programming\\Fulltek task\\Fulltek task\\src\\utils\\pxToPercent.ts": {"path":"D:\\Programming\\Fulltek task\\Fulltek task\\src\\utils\\pxToPercent.ts","all":false,"statementMap":{"0":{"start":{"line":1,"column":0},"end":{"line":1,"column":74}}},"s":{"0":1},"branchMap":{"0":{"type":"branch","line":1,"loc":{"start":{"line":1,"column":27},"end":{"line":1,"column":73}},"locations":[{"start":{"line":1,"column":27},"end":{"line":1,"column":73}}]}},"b":{"0":[1]},"fnMap":{"0":{"name":"pxToPercent","decl":{"start":{"line":1,"column":27},"end":{"line":1,"column":73}},"loc":{"start":{"line":1,"column":27},"end":{"line":1,"column":73}},"line":1}},"f":{"0":1}}
}
